[051月2026 00:01:12.728] [Server thread/INFO] [net.minecraft.client.server.IntegratedServer/]: Saving and pausing game...
[051月2026 00:01:12.763] [Server thread/INFO] [net.minecraft.server.MinecraftServer/]: Saving chunks for level 'ServerLevel[tt]'/minecraft:overworld
[051月2026 00:01:12.767] [Server thread/INFO] [net.minecraft.server.MinecraftServer/]: Saving chunks for level 'ServerLevel[tt]'/minecraft:the_nether
[051月2026 00:01:12.767] [Server thread/INFO] [net.minecraft.server.MinecraftServer/]: Saving chunks for level 'ServerLevel[tt]'/void_dimension:void_dimension
[051月2026 00:01:12.769] [Server thread/INFO] [net.minecraft.server.MinecraftServer/]: Saving chunks for level 'ServerLevel[tt]'/minecraft:the_end
[051月2026 00:01:12.781] [Server thread/WARN] [net.minecraft.server.MinecraftServer/]: Can't keep up! Is the server overloaded? Running 90642ms or 1812 ticks behind
[051月2026 00:01:30.919] [Render thread/INFO] [net.minecraft.client.gui.components.ChatComponent/]: [System] [CHAT] 虚空维度总能量等级: 3
[051月2026 00:02:42.839] [Server thread/INFO] [net.minecraft.client.server.IntegratedServer/]: Saving and pausing game...
[051月2026 00:02:42.849] [Server thread/INFO] [net.minecraft.server.MinecraftServer/]: Saving chunks for level 'ServerLevel[tt]'/minecraft:overworld
[051月2026 00:02:42.852] [Server thread/INFO] [net.minecraft.server.MinecraftServer/]: Saving chunks for level 'ServerLevel[tt]'/minecraft:the_nether
[051月2026 00:02:42.853] [Server thread/INFO] [net.minecraft.server.MinecraftServer/]: Saving chunks for level 'ServerLevel[tt]'/void_dimension:void_dimension
[051月2026 00:02:42.855] [Server thread/INFO] [net.minecraft.server.MinecraftServer/]: Saving chunks for level 'ServerLevel[tt]'/minecraft:the_end
[051月2026 00:03:09.240] [Server thread/INFO] [net.minecraft.client.server.IntegratedServer/]: Saving and pausing game...
[051月2026 00:03:09.251] [Server thread/INFO] [net.minecraft.server.MinecraftServer/]: Saving chunks for level 'ServerLevel[tt]'/minecraft:overworld
[051月2026 00:03:09.254] [Server thread/INFO] [net.minecraft.server.MinecraftServer/]: Saving chunks for level 'ServerLevel[tt]'/minecraft:the_nether
[051月2026 00:03:09.254] [Server thread/INFO] [net.minecraft.server.MinecraftServer/]: Saving chunks for level 'ServerLevel[tt]'/void_dimension:void_dimension
[051月2026 00:03:09.256] [Server thread/INFO] [net.minecraft.server.MinecraftServer/]: Saving chunks for level 'ServerLevel[tt]'/minecraft:the_end
[051月2026 00:03:14.790] [Server thread/INFO] [net.minecraft.client.server.IntegratedServer/]: Saving and pausing game...
[051月2026 00:03:14.799] [Server thread/INFO] [net.minecraft.server.MinecraftServer/]: Saving chunks for level 'ServerLevel[tt]'/minecraft:overworld
[051月2026 00:03:14.802] [Server thread/INFO] [net.minecraft.server.MinecraftServer/]: Saving chunks for level 'ServerLevel[tt]'/minecraft:the_nether
[051月2026 00:03:14.802] [Server thread/INFO] [net.minecraft.server.MinecraftServer/]: Saving chunks for level 'ServerLevel[tt]'/void_dimension:void_dimension
[051月2026 00:03:14.804] [Server thread/INFO] [net.minecraft.server.MinecraftServer/]: Saving chunks for level 'ServerLevel[tt]'/minecraft:the_end
[051月2026 00:03:19.889] [Server thread/INFO] [net.minecraft.client.server.IntegratedServer/]: Saving and pausing game...
[051月2026 00:03:19.899] [Server thread/INFO] [net.minecraft.server.MinecraftServer/]: Saving chunks for level 'ServerLevel[tt]'/minecraft:overworld
[051月2026 00:03:19.901] [Server thread/INFO] [net.minecraft.server.MinecraftServer/]: Saving chunks for level 'ServerLevel[tt]'/minecraft:the_nether
[051月2026 00:03:19.901] [Server thread/INFO] [net.minecraft.server.MinecraftServer/]: Saving chunks for level 'ServerLevel[tt]'/void_dimension:void_dimension
[051月2026 00:03:19.903] [Server thread/INFO] [net.minecraft.server.MinecraftServer/]: Saving chunks for level 'ServerLevel[tt]'/minecraft:the_end
